#
# There is insufficient memory for the Java Runtime Environment to continue.
# Native memory allocation (malloc) failed to allocate 1870256 bytes. Error detail: Chunk::new
# Possible reasons:
#   The system is out of physical RAM or swap space
#   This process is running with CompressedOops enabled, and the Java Heap may be blocking the growth of the native heap
# Possible solutions:
#   Reduce memory load on the system
#   Increase physical memory or swap space
#   Check if swap backing store is full
#   Decrease Java heap size (-Xmx/-Xms)
#   Decrease number of Java threads
#   Decrease Java thread stack sizes (-Xss)
#   Set larger code cache with -XX:ReservedCodeCacheSize=
#   JVM is running with Unscaled Compressed Oops mode in which the Java heap is
#     placed in the first 4GB address space. The Java Heap base address is the
#     maximum limit for the native heap growth. Please use -XX:HeapBaseMinAddress
#     to set the Java Heap base and to place the Java Heap above 4GB virtual address.
# This output file may be truncated or incomplete.
#
#  Out of Memory Error (arena.cpp:168), pid=18004, tid=10860
#
# JRE version: OpenJDK Runtime Environment Temurin-21.0.5+11 (21.0.5+11) (build 21.0.5+11-LTS)
# Java VM: OpenJDK 64-Bit Server VM Temurin-21.0.5+11 (21.0.5+11-LTS, mixed mode, sharing, tiered, compressed oops, compressed class ptrs, g1 gc, windows-amd64)
# No core dump will be written. Minidumps are not enabled by default on client versions of Windows
#

---------------  S U M M A R Y ------------

Command Line: -Dfile.encoding=UTF-8 -Dstdout.encoding=UTF-8 -Dstderr.encoding=UTF-8 -XX:+ShowCodeDetailsInExceptionMessages com.csv.file.CsvFileHandlingApplication

Host: 11th Gen Intel(R) Core(TM) i3-1115G4 @ 3.00GHz, 4 cores, 7G,  Windows 11 , 64 bit Build 26100 (10.0.26100.4202)
Time: Thu Jun 26 23:17:57 2025 India Standard Time elapsed time: 3.084301 seconds (0d 0h 0m 3s)

---------------  T H R E A D  ---------------

Current thread (0x0000023f2d1b8730):  JavaThread "C2 CompilerThread0" daemon [_thread_in_native, id=10860, stack(0x000000bff7300000,0x000000bff7400000) (1024K)]


Current CompileTask:
C2:3084 2158       4       java.lang.invoke.MethodType::makeImpl (109 bytes)

Stack: [0x000000bff7300000,0x000000bff7400000]
Native frames: (J=compiled Java code, j=interpreted, Vv=VM code, C=native code)
V  [jvm.dll+0x6cd4e9]
V  [jvm.dll+0x8a7941]
V  [jvm.dll+0x8a9e6e]
V  [jvm.dll+0x8aa543]
V  [jvm.dll+0x27f6d6]
V  [jvm.dll+0xc500d]
V  [jvm.dll+0xc5543]
V  [jvm.dll+0x3b65d2]
V  [jvm.dll+0x382835]
V  [jvm.dll+0x381c9a]
V  [jvm.dll+0x2479d0]
V  [jvm.dll+0x246faf]
V  [jvm.dll+0x1c75ce]
V  [jvm.dll+0x25682a]
V  [jvm.dll+0x254dca]
V  [jvm.dll+0x3f00d6]
V  [jvm.dll+0x8514fb]
V  [jvm.dll+0x6cbbed]
C  [ucrtbase.dll+0x37b0]
C  [KERNEL32.DLL+0x2e8d7]
C  [ntdll.dll+0x3c34c]


---------------  P R O C E S S  ---------------

Threads class SMR info:
_java_thread_list=0x0000023f2da53f60, length=15, elements={
0x0000023f13788f50, 0x0000023f2d199170, 0x0000023f2d19eed0, 0x0000023f2d1a2d30,
0x0000023f2d1a3980, 0x0000023f2d1a7050, 0x0000023f2d1b0750, 0x0000023f2d1b8730,
0x0000023f2d318070, 0x0000023f2d429600, 0x0000023f2d438e20, 0x0000023f2d509ef0,
0x0000023f2dda3300, 0x0000023f2da37c30, 0x0000023f735d75e0
}

Java Threads: ( => current thread )
  0x0000023f13788f50 JavaThread "main"                              [_thread_blocked, id=11984, stack(0x000000bff6500000,0x000000bff6600000) (1024K)]
  0x0000023f2d199170 JavaThread "Reference Handler"          daemon [_thread_blocked, id=14596, stack(0x000000bff6d00000,0x000000bff6e00000) (1024K)]
  0x0000023f2d19eed0 JavaThread "Finalizer"                  daemon [_thread_blocked, id=21900, stack(0x000000bff6e00000,0x000000bff6f00000) (1024K)]
  0x0000023f2d1a2d30 JavaThread "Signal Dispatcher"          daemon [_thread_blocked, id=25576, stack(0x000000bff6f00000,0x000000bff7000000) (1024K)]
  0x0000023f2d1a3980 JavaThread "Attach Listener"            daemon [_thread_blocked, id=960, stack(0x000000bff7000000,0x000000bff7100000) (1024K)]
  0x0000023f2d1a7050 JavaThread "Service Thread"             daemon [_thread_blocked, id=25008, stack(0x000000bff7100000,0x000000bff7200000) (1024K)]
  0x0000023f2d1b0750 JavaThread "Monitor Deflation Thread"   daemon [_thread_blocked, id=21264, stack(0x000000bff7200000,0x000000bff7300000) (1024K)]
=>0x0000023f2d1b8730 JavaThread "C2 CompilerThread0"         daemon [_thread_in_native, id=10860, stack(0x000000bff7300000,0x000000bff7400000) (1024K)]
  0x0000023f2d318070 JavaThread "C1 CompilerThread0"         daemon [_thread_in_native, id=13832, stack(0x000000bff7400000,0x000000bff7500000) (1024K)]
  0x0000023f2d429600 JavaThread "Notification Thread"        daemon [_thread_blocked, id=25288, stack(0x000000bff7500000,0x000000bff7600000) (1024K)]
  0x0000023f2d438e20 JavaThread "Common-Cleaner"             daemon [_thread_blocked, id=7112, stack(0x000000bff7600000,0x000000bff7700000) (1024K)]
  0x0000023f2d509ef0 JavaThread "C2 CompilerThread1"         daemon [_thread_in_native, id=22740, stack(0x000000bff7700000,0x000000bff7800000) (1024K)]
  0x0000023f2dda3300 JavaThread "Thread-0"                          [_thread_blocked, id=24320, stack(0x000000bff7b00000,0x000000bff7c00000) (1024K)]
  0x0000023f2da37c30 JavaThread "restartedMain"                     [_thread_in_Java, id=12828, stack(0x000000bff7c00000,0x000000bff7d00000) (1024K)]
  0x0000023f735d75e0 JavaThread "background-preinit"                [_thread_in_vm, id=12460, stack(0x000000bff7d00000,0x000000bff7e00000) (1024K)]
Total: 15

Other Threads:
  0x0000023f2d17f160 VMThread "VM Thread"                           [id=15248, stack(0x000000bff6c00000,0x000000bff6d00000) (1024K)]
  0x0000023f2d16e3d0 WatcherThread "VM Periodic Task Thread"        [id=19576, stack(0x000000bff6b00000,0x000000bff6c00000) (1024K)]
  0x0000023f15b0cff0 WorkerThread "GC Thread#0"                     [id=25044, stack(0x000000bff6600000,0x000000bff6700000) (1024K)]
  0x0000023f2da45a50 WorkerThread "GC Thread#1"                     [id=22112, stack(0x000000bff7800000,0x000000bff7900000) (1024K)]
  0x0000023f2da45df0 WorkerThread "GC Thread#2"                     [id=14408, stack(0x000000bff7900000,0x000000bff7a00000) (1024K)]
  0x0000023f2dce5000 WorkerThread "GC Thread#3"                     [id=19104, stack(0x000000bff7a00000,0x000000bff7b00000) (1024K)]
  0x0000023f15b1d7b0 ConcurrentGCThread "G1 Main Marker"            [id=14572, stack(0x000000bff6700000,0x000000bff6800000) (1024K)]
  0x0000023f15b1ee70 WorkerThread "G1 Conc#0"                       [id=23816, stack(0x000000bff6800000,0x000000bff6900000) (1024K)]
  0x0000023f15b6e760 ConcurrentGCThread "G1 Refine#0"               [id=96, stack(0x000000bff6900000,0x000000bff6a00000) (1024K)]
  0x0000023f2d0372e0 ConcurrentGCThread "G1 Service"                [id=1892, stack(0x000000bff6a00000,0x000000bff6b00000) (1024K)]
Total: 10

Threads with active compile tasks:
C2 CompilerThread0  3633 2158       4       java.lang.invoke.MethodType::makeImpl (109 bytes)
C1 CompilerThread0  3633 2308       3       java.lang.invoke.LambdaForm$DMH/0x0000023f2f028800::newInvokeSpecial (32 bytes)
C2 CompilerThread1  3633 2222       4       java.lang.invoke.MethodType::methodType (69 bytes)
Total: 3

VM state: not at safepoint (normal execution)

VM Mutex/Monitor currently owned by a thread:  ([mutex/lock_event])
[0x00007ff89827bf00] MethodCompileQueue_lock - owner thread: 0x0000000000000000

Heap address: 0x0000000083600000, size: 1994 MB, Compressed Oops mode: 32-bit

CDS archive(s) mapped at: [0x0000023f2e000000-0x0000023f2ec80000-0x0000023f2ec80000), size 13107200, SharedBaseAddress: 0x0000023f2e000000, ArchiveRelocationMode: 1.
Compressed class space mapped at: 0x0000023f2f000000-0x0000023f6f000000, reserved size: 1073741824
Narrow klass base: 0x0000023f2e000000, Narrow klass shift: 0, Narrow klass range: 0x100000000

GC Precious Log:
 CardTable entry size: 512
 Card Set container configuration: InlinePtr #cards 5 size 8 Array Of Cards #cards 12 size 40 Howl #buckets 4 coarsen threshold 1843 Howl Bitmap #cards 512 size 80 coarsen threshold 460 Card regions per heap region 1 cards per card region 2048
 CPUs: 4 total, 4 available
 Memory: 7975M
 Large Page Support: Disabled
 NUMA Support: Disabled
 Compressed Oops: Enabled (32-bit)
 Heap Region Size: 1M
 Heap Min Capacity: 8M
 Heap Initial Capacity: 126M
 Heap Max Capacity: 1994M
 Pre-touch: Disabled
 Parallel Workers: 4
 Concurrent Workers: 1
 Concurrent Refinement Workers: 4
 Periodic GC: Disabled

Heap:
 garbage-first heap   total 129024K, used 14942K [0x0000000083600000, 0x0000000100000000)
  region size 1024K, 9 young (9216K), 4 survivors (4096K)
 Metaspace       used 17146K, committed 17472K, reserved 1114112K
  class space    used 2117K, committed 2304K, reserved 1048576K

Heap Regions: E=young(eden), S=young(survivor), O=old, HS=humongous(starts), HC=humongous(continues), CS=collection set, F=free, TAMS=top-at-mark-start, PB=parsable bottom
|   0|0x0000000083600000, 0x0000000083700000, 0x0000000083700000|100%|HS|  |TAMS 0x0000000083600000| PB 0x0000000083600000| Complete 
|   1|0x0000000083700000, 0x0000000083800000, 0x0000000083800000|100%|HS|  |TAMS 0x0000000083700000| PB 0x0000000083700000| Complete 
|   2|0x0000000083800000, 0x0000000083900000, 0x0000000083900000|100%| O|  |TAMS 0x0000000083800000| PB 0x0000000083800000| Untracked 
|   3|0x0000000083900000, 0x0000000083a00000, 0x0000000083a00000|100%| O|  |TAMS 0x0000000083900000| PB 0x0000000083900000| Untracked 
|   4|0x0000000083a00000, 0x0000000083b00000, 0x0000000083b00000|100%| O|  |TAMS 0x0000000083a00000| PB 0x0000000083a00000| Untracked 
|   5|0x0000000083b00000, 0x0000000083c00000, 0x0000000083c00000|100%| O|  |TAMS 0x0000000083b00000| PB 0x0000000083b00000| Untracked 
|   6|0x0000000083c00000, 0x0000000083d00000, 0x0000000083d00000|100%| O|  |TAMS 0x0000000083c00000| PB 0x0000000083c00000| Untracked 
|   7|0x0000000083d00000, 0x0000000083d00000, 0x0000000083e00000|  0%| F|  |TAMS 0x0000000083d00000| PB 0x0000000083d00000| Untracked 
|   8|0x0000000083e00000, 0x0000000083e00000, 0x0000000083f00000|  0%| F|  |TAMS 0x0000000083e00000| PB 0x0000000083e00000| Untracked 
|   9|0x0000000083f00000, 0x0000000083f00000, 0x0000000084000000|  0%| F|  |TAMS 0x0000000083f00000| PB 0x0000000083f00000| Untracked 
|  10|0x0000000084000000, 0x0000000084000000, 0x0000000084100000|  0%| F|  |TAMS 0x0000000084000000| PB 0x0000000084000000| Untracked 
|  11|0x0000000084100000, 0x0000000084100000, 0x0000000084200000|  0%| F|  |TAMS 0x0000000084100000| PB 0x0000000084100000| Untracked 
|  12|0x0000000084200000, 0x0000000084200000, 0x0000000084300000|  0%| F|  |TAMS 0x0000000084200000| PB 0x0000000084200000| Untracked 
|  13|0x0000000084300000, 0x0000000084300000, 0x0000000084400000|  0%| F|  |TAMS 0x0000000084300000| PB 0x0000000084300000| Untracked 
|  14|0x0000000084400000, 0x0000000084400000, 0x0000000084500000|  0%| F|  |TAMS 0x0000000084400000| PB 0x0000000084400000| Untracked 
|  15|0x0000000084500000, 0x0000000084500000, 0x0000000084600000|  0%| F|  |TAMS 0x0000000084500000| PB 0x0000000084500000| Untracked 
|  16|0x0000000084600000, 0x0000000084600000, 0x0000000084700000|  0%| F|  |TAMS 0x0000000084600000| PB 0x0000000084600000| Untracked 
|  17|0x0000000084700000, 0x0000000084700000, 0x0000000084800000|  0%| F|  |TAMS 0x0000000084700000| PB 0x0000000084700000| Untracked 
|  18|0x0000000084800000, 0x0000000084800000, 0x0000000084900000|  0%| F|  |TAMS 0x0000000084800000| PB 0x0000000084800000| Untracked 
|  19|0x0000000084900000, 0x0000000084900000, 0x0000000084a00000|  0%| F|  |TAMS 0x0000000084900000| PB 0x0000000084900000| Untracked 
|  20|0x0000000084a00000, 0x0000000084a00000, 0x0000000084b00000|  0%| F|  |TAMS 0x0000000084a00000| PB 0x0000000084a00000| Untracked 
|  21|0x0000000084b00000, 0x0000000084b00000, 0x0000000084c00000|  0%| F|  |TAMS 0x0000000084b00000| PB 0x0000000084b00000| Untracked 
|  22|0x0000000084c00000, 0x0000000084c00000, 0x0000000084d00000|  0%| F|  |TAMS 0x0000000084c00000| PB 0x0000000084c00000| Untracked 
|  23|0x0000000084d00000, 0x0000000084d00000, 0x0000000084e00000|  0%| F|  |TAMS 0x0000000084d00000| PB 0x0000000084d00000| Untracked 
|  24|0x0000000084e00000, 0x0000000084e00000, 0x0000000084f00000|  0%| F|  |TAMS 0x0000000084e00000| PB 0x0000000084e00000| Untracked 
|  25|0x0000000084f00000, 0x0000000084f00000, 0x0000000085000000|  0%| F|  |TAMS 0x0000000084f00000| PB 0x0000000084f00000| Untracked 
|  26|0x0000000085000000, 0x0000000085000000, 0x0000000085100000|  0%| F|  |TAMS 0x0000000085000000| PB 0x0000000085000000| Untracked 
|  27|0x0000000085100000, 0x0000000085100000, 0x0000000085200000|  0%| F|  |TAMS 0x0000000085100000| PB 0x0000000085100000| Untracked 
|  28|0x0000000085200000, 0x0000000085200000, 0x0000000085300000|  0%| F|  |TAMS 0x0000000085200000| PB 0x0000000085200000| Untracked 
|  29|0x0000000085300000, 0x0000000085300000, 0x0000000085400000|  0%| F|  |TAMS 0x0000000085300000| PB 0x0000000085300000| Untracked 
|  30|0x0000000085400000, 0x0000000085400000, 0x0000000085500000|  0%| F|  |TAMS 0x0000000085400000| PB 0x0000000085400000| Untracked 
|  31|0x0000000085500000, 0x0000000085500000, 0x0000000085600000|  0%| F|  |TAMS 0x0000000085500000| PB 0x0000000085500000| Untracked 
|  32|0x0000000085600000, 0x0000000085600000, 0x0000000085700000|  0%| F|  |TAMS 0x0000000085600000| PB 0x0000000085600000| Untracked 
|  33|0x0000000085700000, 0x0000000085700000, 0x0000000085800000|  0%| F|  |TAMS 0x0000000085700000| PB 0x0000000085700000| Untracked 
|  34|0x0000000085800000, 0x0000000085800000, 0x0000000085900000|  0%| F|  |TAMS 0x0000000085800000| PB 0x0000000085800000| Untracked 
|  35|0x0000000085900000, 0x0000000085900000, 0x0000000085a00000|  0%| F|  |TAMS 0x0000000085900000| PB 0x0000000085900000| Untracked 
|  36|0x0000000085a00000, 0x0000000085a00000, 0x0000000085b00000|  0%| F|  |TAMS 0x0000000085a00000| PB 0x0000000085a00000| Untracked 
|  37|0x0000000085b00000, 0x0000000085b00000, 0x0000000085c00000|  0%| F|  |TAMS 0x0000000085b00000| PB 0x0000000085b00000| Untracked 
|  38|0x0000000085c00000, 0x0000000085c00000, 0x0000000085d00000|  0%| F|  |TAMS 0x0000000085c00000| PB 0x0000000085c00000| Untracked 
|  39|0x0000000085d00000, 0x0000000085d00000, 0x0000000085e00000|  0%| F|  |TAMS 0x0000000085d00000| PB 0x0000000085d00000| Untracked 
|  40|0x0000000085e00000, 0x0000000085e00000, 0x0000000085f00000|  0%| F|  |TAMS 0x0000000085e00000| PB 0x0000000085e00000| Untracked 
|  41|0x0000000085f00000, 0x0000000085f00000, 0x0000000086000000|  0%| F|  |TAMS 0x0000000085f00000| PB 0x0000000085f00000| Untracked 
|  42|0x0000000086000000, 0x0000000086000000, 0x0000000086100000|  0%| F|  |TAMS 0x0000000086000000| PB 0x0000000086000000| Untracked 
|  43|0x0000000086100000, 0x0000000086100000, 0x0000000086200000|  0%| F|  |TAMS 0x0000000086100000| PB 0x0000000086100000| Untracked 
|  44|0x0000000086200000, 0x0000000086200000, 0x0000000086300000|  0%| F|  |TAMS 0x0000000086200000| PB 0x0000000086200000| Untracked 
|  45|0x0000000086300000, 0x0000000086300000, 0x0000000086400000|  0%| F|  |TAMS 0x0000000086300000| PB 0x0000000086300000| Untracked 
|  46|0x0000000086400000, 0x0000000086400000, 0x0000000086500000|  0%| F|  |TAMS 0x0000000086400000| PB 0x0000000086400000| Untracked 
|  47|0x0000000086500000, 0x0000000086500000, 0x0000000086600000|  0%| F|  |TAMS 0x0000000086500000| PB 0x0000000086500000| Untracked 
|  48|0x0000000086600000, 0x0000000086600000, 0x0000000086700000|  0%| F|  |TAMS 0x0000000086600000| PB 0x0000000086600000| Untracked 
|  49|0x0000000086700000, 0x0000000086700000, 0x0000000086800000|  0%| F|  |TAMS 0x0000000086700000| PB 0x0000000086700000| Untracked 
|  50|0x0000000086800000, 0x0000000086800000, 0x0000000086900000|  0%| F|  |TAMS 0x0000000086800000| PB 0x0000000086800000| Untracked 
|  51|0x0000000086900000, 0x0000000086900000, 0x0000000086a00000|  0%| F|  |TAMS 0x0000000086900000| PB 0x0000000086900000| Untracked 
|  52|0x0000000086a00000, 0x0000000086a00000, 0x0000000086b00000|  0%| F|  |TAMS 0x0000000086a00000| PB 0x0000000086a00000| Untracked 
|  53|0x0000000086b00000, 0x0000000086b00000, 0x0000000086c00000|  0%| F|  |TAMS 0x0000000086b00000| PB 0x0000000086b00000| Untracked 
|  54|0x0000000086c00000, 0x0000000086c00000, 0x0000000086d00000|  0%| F|  |TAMS 0x0000000086c00000| PB 0x0000000086c00000| Untracked 
|  55|0x0000000086d00000, 0x0000000086d00000, 0x0000000086e00000|  0%| F|  |TAMS 0x0000000086d00000| PB 0x0000000086d00000| Untracked 
|  56|0x0000000086e00000, 0x0000000086e00000, 0x0000000086f00000|  0%| F|  |TAMS 0x0000000086e00000| PB 0x0000000086e00000| Untracked 
|  57|0x0000000086f00000, 0x0000000086f00000, 0x0000000087000000|  0%| F|  |TAMS 0x0000000086f00000| PB 0x0000000086f00000| Untracked 
|  58|0x0000000087000000, 0x0000000087000000, 0x0000000087100000|  0%| F|  |TAMS 0x0000000087000000| PB 0x0000000087000000| Untracked 
|  59|0x0000000087100000, 0x0000000087100000, 0x0000000087200000|  0%| F|  |TAMS 0x0000000087100000| PB 0x0000000087100000| Untracked 
|  60|0x0000000087200000, 0x0000000087200000, 0x0000000087300000|  0%| F|  |TAMS 0x0000000087200000| PB 0x0000000087200000| Untracked 
|  61|0x0000000087300000, 0x0000000087300000, 0x0000000087400000|  0%| F|  |TAMS 0x0000000087300000| PB 0x0000000087300000| Untracked 
|  62|0x0000000087400000, 0x0000000087400000, 0x0000000087500000|  0%| F|  |TAMS 0x0000000087400000| PB 0x0000000087400000| Untracked 
|  63|0x0000000087500000, 0x0000000087500000, 0x0000000087600000|  0%| F|  |TAMS 0x0000000087500000| PB 0x0000000087500000| Untracked 
|  64|0x0000000087600000, 0x0000000087600000, 0x0000000087700000|  0%| F|  |TAMS 0x0000000087600000| PB 0x0000000087600000| Untracked 
|  65|0x0000000087700000, 0x0000000087700000, 0x0000000087800000|  0%| F|  |TAMS 0x0000000087700000| PB 0x0000000087700000| Untracked 
|  66|0x0000000087800000, 0x0000000087800000, 0x0000000087900000|  0%| F|  |TAMS 0x0000000087800000| PB 0x0000000087800000| Untracked 
|  67|0x0000000087900000, 0x0000000087900000, 0x0000000087a00000|  0%| F|  |TAMS 0x0000000087900000| PB 0x0000000087900000| Untracked 
|  68|0x0000000087a00000, 0x0000000087a00000, 0x0000000087b00000|  0%| F|  |TAMS 0x0000000087a00000| PB 0x0000000087a00000| Untracked 
|  69|0x0000000087b00000, 0x0000000087b00000, 0x0000000087c00000|  0%| F|  |TAMS 0x0000000087b00000| PB 0x0000000087b00000| Untracked 
|  70|0x0000000087c00000, 0x0000000087c00000, 0x0000000087d00000|  0%| F|  |TAMS 0x0000000087c00000| PB 0x0000000087c00000| Untracked 
|  71|0x0000000087d00000, 0x0000000087d00000, 0x0000000087e00000|  0%| F|  |TAMS 0x0000000087d00000| PB 0x0000000087d00000| Untracked 
|  72|0x0000000087e00000, 0x0000000087e00000, 0x0000000087f00000|  0%| F|  |TAMS 0x0000000087e00000| PB 0x0000000087e00000| Untracked 
|  73|0x0000000087f00000, 0x0000000087f00000, 0x0000000088000000|  0%| F|  |TAMS 0x0000000087f00000| PB 0x0000000087f00000| Untracked 
|  74|0x0000000088000000, 0x0000000088000000, 0x0000000088100000|  0%| F|  |TAMS 0x0000000088000000| PB 0x0000000088000000| Untracked 
|  75|0x0000000088100000, 0x0000000088100000, 0x0000000088200000|  0%| F|  |TAMS 0x0000000088100000| PB 0x0000000088100000| Untracked 
|  76|0x0000000088200000, 0x0000000088200000, 0x0000000088300000|  0%| F|  |TAMS 0x0000000088200000| PB 0x0000000088200000| Untracked 
|  77|0x0000000088300000, 0x0000000088300000, 0x0000000088400000|  0%| F|  |TAMS 0x0000000088300000| PB 0x0000000088300000| Untracked 
|  78|0x0000000088400000, 0x0000000088400000, 0x0000000088500000|  0%| F|  |TAMS 0x0000000088400000| PB 0x0000000088400000| Untracked 
|  79|0x0000000088500000, 0x0000000088500000, 0x0000000088600000|  0%| F|  |TAMS 0x0000000088500000| PB 0x0000000088500000| Untracked 
|  80|0x0000000088600000, 0x0000000088600000, 0x0000000088700000|  0%| F|  |TAMS 0x0000000088600000| PB 0x0000000088600000| Untracked 
|  81|0x0000000088700000, 0x0000000088700000, 0x0000000088800000|  0%| F|  |TAMS 0x0000000088700000| PB 0x0000000088700000| Untracked 
|  82|0x0000000088800000, 0x0000000088800000, 0x0000000088900000|  0%| F|  |TAMS 0x0000000088800000| PB 0x0000000088800000| Untracked 
|  83|0x0000000088900000, 0x0000000088900000, 0x0000000088a00000|  0%| F|  |TAMS 0x0000000088900000| PB 0x0000000088900000| Untracked 
|  84|0x0000000088a00000, 0x0000000088a00000, 0x0000000088b00000|  0%| F|  |TAMS 0x0000000088a00000| PB 0x0000000088a00000| Untracked 
|  85|0x0000000088b00000, 0x0000000088b00000, 0x0000000088c00000|  0%| F|  |TAMS 0x0000000088b00000| PB 0x0000000088b00000| Untracked 
|  86|0x0000000088c00000, 0x0000000088c97920, 0x0000000088d00000| 59%| S|CS|TAMS 0x0000000088c00000| PB 0x0000000088c00000| Complete 
|  87|0x0000000088d00000, 0x0000000088e00000, 0x0000000088e00000|100%| S|CS|TAMS 0x0000000088d00000| PB 0x0000000088d00000| Complete 
|  88|0x0000000088e00000, 0x0000000088f00000, 0x0000000088f00000|100%| S|CS|TAMS 0x0000000088e00000| PB 0x0000000088e00000| Complete 
|  89|0x0000000088f00000, 0x0000000089000000, 0x0000000089000000|100%| S|CS|TAMS 0x0000000088f00000| PB 0x0000000088f00000| Complete 
|  90|0x0000000089000000, 0x0000000089000000, 0x0000000089100000|  0%| F|  |TAMS 0x0000000089000000| PB 0x0000000089000000| Untracked 
|  91|0x0000000089100000, 0x0000000089100000, 0x0000000089200000|  0%| F|  |TAMS 0x0000000089100000| PB 0x0000000089100000| Untracked 
|  92|0x0000000089200000, 0x0000000089200000, 0x0000000089300000|  0%| F|  |TAMS 0x0000000089200000| PB 0x0000000089200000| Untracked 
|  93|0x0000000089300000, 0x0000000089300000, 0x0000000089400000|  0%| F|  |TAMS 0x0000000089300000| PB 0x0000000089300000| Untracked 
|  94|0x0000000089400000, 0x0000000089400000, 0x0000000089500000|  0%| F|  |TAMS 0x0000000089400000| PB 0x0000000089400000| Untracked 
|  95|0x0000000089500000, 0x0000000089500000, 0x0000000089600000|  0%| F|  |TAMS 0x0000000089500000| PB 0x0000000089500000| Untracked 
|  96|0x0000000089600000, 0x0000000089600000, 0x0000000089700000|  0%| F|  |TAMS 0x0000000089600000| PB 0x0000000089600000| Untracked 
|  97|0x0000000089700000, 0x0000000089700000, 0x0000000089800000|  0%| F|  |TAMS 0x0000000089700000| PB 0x0000000089700000| Untracked 
|  98|0x0000000089800000, 0x0000000089800000, 0x0000000089900000|  0%| F|  |TAMS 0x0000000089800000| PB 0x0000000089800000| Untracked 
|  99|0x0000000089900000, 0x0000000089900000, 0x0000000089a00000|  0%| F|  |TAMS 0x0000000089900000| PB 0x0000000089900000| Untracked 
| 100|0x0000000089a00000, 0x0000000089a00000, 0x0000000089b00000|  0%| F|  |TAMS 0x0000000089a00000| PB 0x0000000089a00000| Untracked 
| 101|0x0000000089b00000, 0x0000000089b00000, 0x0000000089c00000|  0%| F|  |TAMS 0x0000000089b00000| PB 0x0000000089b00000| Untracked 
| 102|0x0000000089c00000, 0x0000000089c00000, 0x0000000089d00000|  0%| F|  |TAMS 0x0000000089c00000| PB 0x0000000089c00000| Untracked 
| 103|0x0000000089d00000, 0x0000000089d00000, 0x0000000089e00000|  0%| F|  |TAMS 0x0000000089d00000| PB 0x0000000089d00000| Untracked 
| 104|0x0000000089e00000, 0x0000000089e00000, 0x0000000089f00000|  0%| F|  |TAMS 0x0000000089e00000| PB 0x0000000089e00000| Untracked 
| 105|0x0000000089f00000, 0x0000000089f00000, 0x000000008a000000|  0%| F|  |TAMS 0x0000000089f00000| PB 0x0000000089f00000| Untracked 
| 106|0x000000008a000000, 0x000000008a000000, 0x000000008a100000|  0%| F|  |TAMS 0x000000008a000000| PB 0x000000008a000000| Untracked 
| 107|0x000000008a100000, 0x000000008a100000, 0x000000008a200000|  0%| F|  |TAMS 0x000000008a100000| PB 0x000000008a100000| Untracked 
| 108|0x000000008a200000, 0x000000008a200000, 0x000000008a300000|  0%| F|  |TAMS 0x000000008a200000| PB 0x000000008a200000| Untracked 
| 109|0x000000008a300000, 0x000000008a300000, 0x000000008a400000|  0%| F|  |TAMS 0x000000008a300000| PB 0x000000008a300000| Untracked 
| 110|0x000000008a400000, 0x000000008a400000, 0x000000008a500000|  0%| F|  |TAMS 0x000000008a400000| PB 0x000000008a400000| Untracked 
| 111|0x000000008a500000, 0x000000008a500000, 0x000000008a600000|  0%| F|  |TAMS 0x000000008a500000| PB 0x000000008a500000| Untracked 
| 112|0x000000008a600000, 0x000000008a600000, 0x000000008a700000|  0%| F|  |TAMS 0x000000008a600000| PB 0x000000008a600000| Untracked 
| 113|0x000000008a700000, 0x000000008a700000, 0x000000008a800000|  0%| F|  |TAMS 0x000000008a700000| PB 0x000000008a700000| Untracked 
| 114|0x000000008a800000, 0x000000008a800000, 0x000000008a900000|  0%| F|  |TAMS 0x000000008a800000| PB 0x000000008a800000| Untracked 
| 115|0x000000008a900000, 0x000000008a900000, 0x000000008aa00000|  0%| F|  |TAMS 0x000000008a900000| PB 0x000000008a900000| Untracked 
| 116|0x000000008aa00000, 0x000000008aa00000, 0x000000008ab00000|  0%| F|  |TAMS 0x000000008aa00000| PB 0x000000008aa00000| Untracked 
| 117|0x000000008ab00000, 0x000000008ab00000, 0x000000008ac00000|  0%| F|  |TAMS 0x000000008ab00000| PB 0x000000008ab00000| Untracked 
| 118|0x000000008ac00000, 0x000000008ac00000, 0x000000008ad00000|  0%| F|  |TAMS 0x000000008ac00000| PB 0x000000008ac00000| Untracked 
| 119|0x000000008ad00000, 0x000000008ad00000, 0x000000008ae00000|  0%| F|  |TAMS 0x000000008ad00000| PB 0x000000008ad00000| Untracked 
| 120|0x000000008ae00000, 0x000000008ae00000, 0x000000008af00000|  0%| F|  |TAMS 0x000000008ae00000| PB 0x000000008ae00000| Untracked 
| 121|0x000000008af00000, 0x000000008afd1028, 0x000000008b000000| 81%| E|  |TAMS 0x000000008af00000| PB 0x000000008af00000| Complete 
| 122|0x000000008b000000, 0x000000008b100000, 0x000000008b100000|100%| E|CS|TAMS 0x000000008b000000| PB 0x000000008b000000| Complete 
| 123|0x000000008b100000, 0x000000008b200000, 0x000000008b200000|100%| E|CS|TAMS 0x000000008b100000| PB 0x000000008b100000| Complete 
| 124|0x000000008b200000, 0x000000008b300000, 0x000000008b300000|100%| E|CS|TAMS 0x000000008b200000| PB 0x000000008b200000| Complete 
| 125|0x000000008b300000, 0x000000008b400000, 0x000000008b400000|100%| E|CS|TAMS 0x000000008b300000| PB 0x000000008b300000| Complete 

Card table byte_map: [0x0000023f289b0000,0x0000023f28da0000] _byte_map_base: 0x0000023f28595000

Marking Bits: (CMBitMap*) 0x0000023f15b0d590
 Bits: [0x0000023f28da0000, 0x0000023f2acc8000)

Polling page: 0x0000023f139a0000

Metaspace:

Usage:
  Non-class:     14.73 MB used.
      Class:      2.07 MB used.
       Both:     16.81 MB used.

Virtual space:
  Non-class space:       64.00 MB reserved,      14.94 MB ( 23%) committed,  1 nodes.
      Class space:        1.00 GB reserved,       2.25 MB ( <1%) committed,  1 nodes.
             Both:        1.06 GB reserved,      17.19 MB (  2%) committed. 

Chunk freelists:
   Non-Class:  688.00 KB
       Class:  13.64 MB
        Both:  14.31 MB

MaxMetaspaceSize: unlimited
CompressedClassSpaceSize: 1.00 GB
Initial GC threshold: 21.00 MB
Current GC threshold: 21.00 MB
CDS: on
 - commit_granule_bytes: 65536.
 - commit_granule_words: 8192.
 - virtual_space_node_default_size: 8388608.
 - enlarge_chunks_in_place: 1.
 - use_allocation_guard: 0.


Internal statistics:

num_allocs_failed_limit: 0.
num_arena_births: 398.
num_arena_deaths: 0.
num_vsnodes_births: 2.
num_vsnodes_deaths: 0.
num_space_committed: 275.
num_space_uncommitted: 0.
num_chunks_returned_to_freelist: 0.
num_chunks_taken_from_freelist: 1011.
num_chunk_merges: 0.
num_chunk_splits: 648.
num_chunks_enlarged: 422.
num_inconsistent_stats: 0.

CodeHeap 'non-profiled nmethods': size=120000Kb used=840Kb max_used=840Kb free=119159Kb
 bounds [0x0000023f21090000, 0x0000023f21300000, 0x0000023f285c0000]
CodeHeap 'profiled nmethods': size=120000Kb used=4321Kb max_used=4321Kb free=115678Kb
 bounds [0x0000023f195c0000, 0x0000023f19a00000, 0x0000023f20af0000]
CodeHeap 'non-nmethods': size=5760Kb used=1581Kb max_used=1581Kb free=4178Kb
 bounds [0x0000023f20af0000, 0x0000023f20d60000, 0x0000023f21090000]
 total_blobs=2830 nmethods=2308 adapters=426
 compilation: enabled
              stopped_count=0, restarted_count=0
 full_count=0

Compilation events (20 events):
Event: 2.773 Thread 0x0000023f2d318070 2267       1       java.util.regex.Pattern::lambda$ALL$10 (2 bytes)
Event: 2.773 Thread 0x0000023f2d318070 nmethod 2267 0x0000023f21160710 code [0x0000023f211608a0, 0x0000023f21160948]
Event: 2.774 Thread 0x0000023f2d318070 2268       3       java.util.ArrayDeque::addLast (51 bytes)
Event: 2.775 Thread 0x0000023f2d318070 nmethod 2268 0x0000023f199e1710 code [0x0000023f199e1900, 0x0000023f199e1db0]
Event: 2.777 Thread 0x0000023f2d318070 2269       1       java.util.logging.LogManager$LoggerContext::getOwner (5 bytes)
Event: 2.777 Thread 0x0000023f2d318070 nmethod 2269 0x0000023f21160a10 code [0x0000023f21160ba0, 0x0000023f21160c68]
Event: 2.778 Thread 0x0000023f2d318070 2270       2       java.util.zip.ZipFile$1::getMetaInfVersions (5 bytes)
Event: 2.778 Thread 0x0000023f2d318070 nmethod 2270 0x0000023f199e1f90 code [0x0000023f199e2140, 0x0000023f199e2370]
Event: 2.778 Thread 0x0000023f2d318070 2271   !   2       java.util.zip.ZipFile::getMetaInfVersions (26 bytes)
Event: 2.778 Thread 0x0000023f2d318070 nmethod 2271 0x0000023f199e2510 code [0x0000023f199e26c0, 0x0000023f199e28e8]
Event: 2.778 Thread 0x0000023f2d318070 2272       3       org.springframework.util.StringUtils::replace (130 bytes)
Event: 2.779 Thread 0x0000023f2d318070 nmethod 2272 0x0000023f199e2a90 code [0x0000023f199e2da0, 0x0000023f199e3e10]
Event: 2.779 Thread 0x0000023f2d318070 2273       3       java.util.jar.JarFile::getVersionedEntry (133 bytes)
Event: 2.780 Thread 0x0000023f2d318070 nmethod 2273 0x0000023f199e4590 code [0x0000023f199e4860, 0x0000023f199e55c8]
Event: 2.781 Thread 0x0000023f2d318070 2274       3       sun.nio.fs.WindowsPathParser::isSlash (18 bytes)
Event: 2.782 Thread 0x0000023f2d318070 nmethod 2274 0x0000023f199e5b90 code [0x0000023f199e5d20, 0x0000023f199e5e90]
Event: 2.783 Thread 0x0000023f2d318070 2275       3       java.util.regex.Pattern$$Lambda/0x0000023f2f2451d0::is (5 bytes)
Event: 2.783 Thread 0x0000023f2d318070 nmethod 2275 0x0000023f199e5f10 code [0x0000023f199e60c0, 0x0000023f199e6228]
Event: 2.786 Thread 0x0000023f2d318070 2276       1       java.nio.Buffer::position (5 bytes)
Event: 2.786 Thread 0x0000023f2d318070 nmethod 2276 0x0000023f21160d10 code [0x0000023f21160ea0, 0x0000023f21160f68]

GC Heap History (6 events):
Event: 0.653 GC heap before
{Heap before GC invocations=0 (full 0):
 garbage-first heap   total 129024K, used 15360K [0x0000000083600000, 0x0000000100000000)
  region size 1024K, 13 young (13312K), 0 survivors (0K)
 Metaspace       used 3001K, committed 3136K, reserved 1114112K
  class space    used 313K, committed 384K, reserved 1048576K
}
Event: 0.658 GC heap after
{Heap after GC invocations=1 (full 0):
 garbage-first heap   total 129024K, used 7168K [0x0000000083600000, 0x0000000100000000)
  region size 1024K, 2 young (2048K), 2 survivors (2048K)
 Metaspace       used 3001K, committed 3136K, reserved 1114112K
  class space    used 313K, committed 384K, reserved 1048576K
}
Event: 1.024 GC heap before
{Heap before GC invocations=1 (full 0):
 garbage-first heap   total 129024K, used 19456K [0x0000000083600000, 0x0000000100000000)
  region size 1024K, 15 young (15360K), 2 survivors (2048K)
 Metaspace       used 6274K, committed 6528K, reserved 1114112K
  class space    used 727K, committed 832K, reserved 1048576K
}
Event: 1.028 GC heap after
{Heap after GC invocations=2 (full 0):
 garbage-first heap   total 129024K, used 8106K [0x0000000083600000, 0x0000000100000000)
  region size 1024K, 1 young (1024K), 1 survivors (1024K)
 Metaspace       used 6274K, committed 6528K, reserved 1114112K
  class space    used 727K, committed 832K, reserved 1048576K
}
Event: 2.698 GC heap before
{Heap before GC invocations=2 (full 0):
 garbage-first heap   total 129024K, used 42922K [0x0000000083600000, 0x0000000100000000)
  region size 1024K, 36 young (36864K), 1 survivors (1024K)
 Metaspace       used 15600K, committed 15936K, reserved 1114112K
  class space    used 1923K, committed 2048K, reserved 1048576K
}
Event: 2.702 GC heap after
{Heap after GC invocations=3 (full 0):
 garbage-first heap   total 129024K, used 10846K [0x0000000083600000, 0x0000000100000000)
  region size 1024K, 4 young (4096K), 4 survivors (4096K)
 Metaspace       used 15600K, committed 15936K, reserved 1114112K
  class space    used 1923K, committed 2048K, reserved 1048576K
}

Dll operation events (8 events):
Event: 0.017 Loaded shared library D:\Downloads\eclipse-jee-2024-12-R-win32-x86_64\eclipse\plugins\org.eclipse.justj.openjdk.hotspot.jre.full.win32.x86_64_21.0.5.v20241023-1957\jre\bin\java.dll
Event: 0.053 Loaded shared library D:\Downloads\eclipse-jee-2024-12-R-win32-x86_64\eclipse\plugins\org.eclipse.justj.openjdk.hotspot.jre.full.win32.x86_64_21.0.5.v20241023-1957\jre\bin\zip.dll
Event: 0.135 Loaded shared library D:\Downloads\eclipse-jee-2024-12-R-win32-x86_64\eclipse\plugins\org.eclipse.justj.openjdk.hotspot.jre.full.win32.x86_64_21.0.5.v20241023-1957\jre\bin\net.dll
Event: 0.137 Loaded shared library D:\Downloads\eclipse-jee-2024-12-R-win32-x86_64\eclipse\plugins\org.eclipse.justj.openjdk.hotspot.jre.full.win32.x86_64_21.0.5.v20241023-1957\jre\bin\nio.dll
Event: 0.139 Loaded shared library D:\Downloads\eclipse-jee-2024-12-R-win32-x86_64\eclipse\plugins\org.eclipse.justj.openjdk.hotspot.jre.full.win32.x86_64_21.0.5.v20241023-1957\jre\bin\zip.dll
Event: 0.354 Loaded shared library D:\Downloads\eclipse-jee-2024-12-R-win32-x86_64\eclipse\plugins\org.eclipse.justj.openjdk.hotspot.jre.full.win32.x86_64_21.0.5.v20241023-1957\jre\bin\jimage.dll
Event: 0.750 Loaded shared library D:\Downloads\eclipse-jee-2024-12-R-win32-x86_64\eclipse\plugins\org.eclipse.justj.openjdk.hotspot.jre.full.win32.x86_64_21.0.5.v20241023-1957\jre\bin\management.dll
Event: 0.759 Loaded shared library D:\Downloads\eclipse-jee-2024-12-R-win32-x86_64\eclipse\plugins\org.eclipse.justj.openjdk.hotspot.jre.full.win32.x86_64_21.0.5.v20241023-1957\jre\bin\management_ext.dll

Deoptimization events (20 events):
Event: 2.758 Thread 0x0000023f2da37c30 Uncommon trap: trap_request=0xffffff45 fr.pc=0x0000023f210cc7f0 relative=0x0000000000000690
Event: 2.758 Thread 0x0000023f2da37c30 Uncommon trap: reason=unstable_if action=reinterpret pc=0x0000023f210cc7f0 method=java.util.zip.ZipCoder.hash(Ljava/lang/String;)I @ 23 c2
Event: 2.758 Thread 0x0000023f2da37c30 DEOPT PACKING pc=0x0000023f210cc7f0 sp=0x000000bff7cfda90
Event: 2.758 Thread 0x0000023f2da37c30 DEOPT UNPACKING pc=0x0000023f20b47da2 sp=0x000000bff7cfd950 mode 2
Event: 2.758 Thread 0x0000023f2da37c30 Uncommon trap: trap_request=0xffffff45 fr.pc=0x0000023f210cb3a0 relative=0x0000000000000460
Event: 2.758 Thread 0x0000023f2da37c30 Uncommon trap: reason=unstable_if action=reinterpret pc=0x0000023f210cb3a0 method=java.util.zip.ZipCoder.hash(Ljava/lang/String;)I @ 23 c2
Event: 2.758 Thread 0x0000023f2da37c30 DEOPT PACKING pc=0x0000023f210cb3a0 sp=0x000000bff7cfda40
Event: 2.758 Thread 0x0000023f2da37c30 DEOPT UNPACKING pc=0x0000023f20b47da2 sp=0x000000bff7cfd960 mode 2
Event: 2.758 Thread 0x0000023f2da37c30 Uncommon trap: trap_request=0xffffff45 fr.pc=0x0000023f210fa524 relative=0x0000000000001564
Event: 2.758 Thread 0x0000023f2da37c30 Uncommon trap: reason=unstable_if action=reinterpret pc=0x0000023f210fa524 method=java.util.zip.ZipCoder.hash(Ljava/lang/String;)I @ 23 c2
Event: 2.758 Thread 0x0000023f2da37c30 DEOPT PACKING pc=0x0000023f210fa524 sp=0x000000bff7cfda90
Event: 2.758 Thread 0x0000023f2da37c30 DEOPT UNPACKING pc=0x0000023f20b47da2 sp=0x000000bff7cfd8d0 mode 2
Event: 2.758 Thread 0x0000023f2da37c30 Uncommon trap: trap_request=0xffffff45 fr.pc=0x0000023f210c21bc relative=0x000000000000017c
Event: 2.758 Thread 0x0000023f2da37c30 Uncommon trap: reason=unstable_if action=reinterpret pc=0x0000023f210c21bc method=java.util.zip.ZipCoder.hash(Ljava/lang/String;)I @ 23 c2
Event: 2.758 Thread 0x0000023f2da37c30 DEOPT PACKING pc=0x0000023f210c21bc sp=0x000000bff7cfd9d0
Event: 2.758 Thread 0x0000023f2da37c30 DEOPT UNPACKING pc=0x0000023f20b47da2 sp=0x000000bff7cfd958 mode 2
Event: 2.763 Thread 0x0000023f2da37c30 Uncommon trap: trap_request=0xffffff45 fr.pc=0x0000023f210a386c relative=0x000000000000004c
Event: 2.763 Thread 0x0000023f2da37c30 Uncommon trap: reason=unstable_if action=reinterpret pc=0x0000023f210a386c method=sun.nio.fs.WindowsPathParser.isSlash(C)Z @ 9 c2
Event: 2.763 Thread 0x0000023f2da37c30 DEOPT PACKING pc=0x0000023f210a386c sp=0x000000bff7cfdc20
Event: 2.763 Thread 0x0000023f2da37c30 DEOPT UNPACKING pc=0x0000023f20b47da2 sp=0x000000bff7cfdba8 mode 2

Classes loaded (20 events):
Event: 2.796 Loading class java/nio/channels/ByteChannel done
Event: 2.796 Loading class java/nio/channels/SeekableByteChannel done
Event: 2.796 Loading class java/nio/channels/GatheringByteChannel
Event: 2.796 Loading class java/nio/channels/GatheringByteChannel done
Event: 2.796 Loading class java/nio/channels/ScatteringByteChannel
Event: 2.796 Loading class java/nio/channels/ScatteringByteChannel done
Event: 2.796 Loading class java/nio/channels/spi/AbstractInterruptibleChannel
Event: 2.796 Loading class java/nio/channels/InterruptibleChannel
Event: 2.796 Loading class java/nio/channels/InterruptibleChannel done
Event: 2.796 Loading class java/nio/channels/spi/AbstractInterruptibleChannel done
Event: 2.796 Loading class java/nio/channels/FileChannel done
Event: 2.796 Loading class sun/nio/ch/FileChannelImpl done
Event: 2.796 Loading class sun/nio/ch/FileDispatcherImpl
Event: 2.796 Loading class sun/nio/ch/FileDispatcher
Event: 2.796 Loading class sun/nio/ch/NativeDispatcher
Event: 2.796 Loading class sun/nio/ch/NativeDispatcher done
Event: 2.796 Loading class sun/nio/ch/FileDispatcher done
Event: 2.796 Loading class sun/nio/ch/FileDispatcherImpl done
Event: 2.797 Loading class sun/nio/ch/IOUtil
Event: 2.797 Loading class sun/nio/ch/IOUtil done

Classes unloaded (0 events):
No events

Classes redefined (0 events):
No events

Internal exceptions (20 events):
Event: 2.104 Thread 0x0000023f2da37c30 Exception <a 'java/lang/NoSuchMethodError'{0x000000008ac30870}: 'void java.lang.invoke.DirectMethodHandle$Holder.invokeStatic(java.lang.Object, java.lang.Object, int)'> (0x000000008ac30870) 
thrown [s\src\hotspot\share\interpreter\linkResolver.cpp, line 773]
Event: 2.132 Thread 0x0000023f2da37c30 Exception <a 'java/lang/NoSuchMethodError'{0x000000008aca7a60}: 'void java.lang.invoke.DirectMethodHandle$Holder.invokeStaticInit(java.lang.Object, java.lang.Object, java.lang.Object)'> (0x000000008aca7a60) 
thrown [s\src\hotspot\share\interpreter\linkResolver.cpp, line 773]
Event: 2.137 Thread 0x0000023f2da37c30 Exception <a 'java/lang/NoSuchMethodError'{0x000000008acde710}: 'java.lang.Object java.lang.invoke.DirectMethodHandle$Holder.invokeStaticInit(java.lang.Object, int)'> (0x000000008acde710) 
thrown [s\src\hotspot\share\interpreter\linkResolver.cpp, line 773]
Event: 2.140 Thread 0x0000023f2da37c30 Exception <a 'java/lang/NoSuchMethodError'{0x000000008ace8af8}: 'java.lang.Object java.lang.invoke.DirectMethodHandle$Holder.invokeStatic(java.lang.Object, int, java.lang.Object)'> (0x000000008ace8af8) 
thrown [s\src\hotspot\share\interpreter\linkResolver.cpp, line 773]
Event: 2.140 Thread 0x0000023f2da37c30 Exception <a 'java/lang/NoSuchMethodError'{0x000000008acec188}: 'java.lang.Object java.lang.invoke.DirectMethodHandle$Holder.invokeStaticInit(java.lang.Object, int, java.lang.Object)'> (0x000000008acec188) 
thrown [s\src\hotspot\share\interpreter\linkResolver.cpp, line 773]
Event: 2.153 Thread 0x0000023f2da37c30 Exception <a 'java/lang/NoSuchMethodError'{0x000000008ab11860}: 'java.lang.Object java.lang.invoke.DirectMethodHandle$Holder.invokeVirtual(java.lang.Object, java.lang.Object, java.lang.Object)'> (0x000000008ab11860) 
thrown [s\src\hotspot\share\interpreter\linkResolver.cpp, line 773]
Event: 2.187 Thread 0x0000023f2da37c30 Exception <a 'java/lang/NoSuchMethodError'{0x000000008abc6d60}: 'void java.lang.invoke.DirectMethodHandle$Holder.invokeVirtual(java.lang.Object, java.lang.Object, java.lang.Object, java.lang.Object)'> (0x000000008abc6d60) 
thrown [s\src\hotspot\share\interpreter\linkResolver.cpp, line 773]
Event: 2.264 Thread 0x0000023f2da37c30 Exception <a 'java/lang/NoSuchMethodError'{0x000000008a835af0}: 'java.lang.Object java.lang.invoke.Invokers$Holder.invoke_MT(java.lang.Object, java.lang.Object, java.lang.Object, java.lang.Object, java.lang.Object, java.lang.Object, java.lang.Object, java.lang.Object, java.lang.Object)'> (0x000000008a835af0) 
thrown [s\src\hotspot\share\interpreter\linkResolver.cpp, line 773]
Event: 2.266 Thread 0x0000023f735d75e0 Exception <a 'java/lang/NoClassDefFoundError'{0x000000008a816a68}: jakarta/validation/Validation> (0x000000008a816a68) 
thrown [s\src\hotspot\share\classfile\systemDictionary.cpp, line 301]
Event: 2.273 Thread 0x0000023f2da37c30 Exception <a 'java/lang/NoSuchMethodError'{0x000000008a8642e0}: 'java.lang.reflect.Field[] java.lang.Class.getDeclaredFields(java.lang.Class)'> (0x000000008a8642e0) 
thrown [s\src\hotspot\share\interpreter\linkResolver.cpp, line 773]
Event: 2.291 Thread 0x0000023f2da37c30 Exception <a 'java/lang/IncompatibleClassChangeError'{0x000000008a726a60}: Found class java.lang.Object, but interface was expected> (0x000000008a726a60) 
thrown [s\src\hotspot\share\interpreter\linkResolver.cpp, line 840]
Event: 2.636 Thread 0x0000023f2da37c30 Implicit null exception at 0x0000023f2115b4c6 to 0x0000023f2115b578
Event: 2.729 Thread 0x0000023f735d75e0 Exception <a 'java/lang/NoSuchMethodError'{0x000000008b239bb8}: 'long java.lang.invoke.DirectMethodHandle$Holder.invokeSpecial(java.lang.Object, java.lang.Object)'> (0x000000008b239bb8) 
thrown [s\src\hotspot\share\interpreter\linkResolver.cpp, line 773]
Event: 2.731 Thread 0x0000023f735d75e0 Exception <a 'java/lang/NoSuchMethodError'{0x000000008b243a68}: 'long java.lang.invoke.DirectMethodHandle$Holder.invokeStatic(java.lang.Object, java.lang.Object)'> (0x000000008b243a68) 
thrown [s\src\hotspot\share\interpreter\linkResolver.cpp, line 773]
Event: 2.731 Thread 0x0000023f735d75e0 Exception <a 'java/lang/NoSuchMethodError'{0x000000008b246b60}: 'long java.lang.invoke.DirectMethodHandle$Holder.invokeStaticInit(java.lang.Object, java.lang.Object)'> (0x000000008b246b60) 
thrown [s\src\hotspot\share\interpreter\linkResolver.cpp, line 773]
Event: 2.732 Thread 0x0000023f735d75e0 Exception <a 'java/lang/NoSuchMethodError'{0x000000008b2a00a8}: 'long java.lang.invoke.DirectMethodHandle$Holder.invokeInterface(java.lang.Object, java.lang.Object)'> (0x000000008b2a00a8) 
thrown [s\src\hotspot\share\interpreter\linkResolver.cpp, line 773]
Event: 2.733 Thread 0x0000023f735d75e0 Exception <a 'java/lang/IncompatibleClassChangeError'{0x000000008b2a30c8}: Found class java.lang.Object, but interface was expected> (0x000000008b2a30c8) 
thrown [s\src\hotspot\share\interpreter\linkResolver.cpp, line 840]
Event: 2.737 Thread 0x0000023f735d75e0 Exception <a 'java/lang/NoSuchMethodError'{0x000000008b2b8a20}: 'java.lang.Object java.lang.invoke.DirectMethodHandle$Holder.invokeVirtual(java.lang.Object, java.lang.Object, java.lang.Object, java.lang.Object)'> (0x000000008b2b8a20) 
thrown [s\src\hotspot\share\interpreter\linkResolver.cpp, line 773]
Event: 2.763 Thread 0x0000023f2da37c30 Exception <a 'java/lang/NoSuchMethodError'{0x000000008b187dd0}: 'int java.lang.invoke.DirectMethodHandle$Holder.invokeSpecial(java.lang.Object, java.lang.Object, java.lang.Object, java.lang.Object, java.lang.Object)'> (0x000000008b187dd0) 
thrown [s\src\hotspot\share\interpreter\linkResolver.cpp, line 773]
Event: 2.766 Thread 0x0000023f2da37c30 Exception <a 'java/lang/NoSuchMethodError'{0x000000008b190228}: 'void java.lang.invoke.DirectMethodHandle$Holder.invokeVirtual(java.lang.Object, java.lang.Object)'> (0x000000008b190228) 
thrown [s\src\hotspot\share\interpreter\linkResolver.cpp, line 773]

ZGC Phase Switch (0 events):
No events

VM Operations (20 events):
Event: 1.171 Executing VM operation: HandshakeAllThreads (Deoptimize)
Event: 1.171 Executing VM operation: HandshakeAllThreads (Deoptimize) done
Event: 2.078 Executing VM operation: HandshakeAllThreads (Deoptimize)
Event: 2.078 Executing VM operation: HandshakeAllThreads (Deoptimize) done
Event: 2.078 Executing VM operation: Cleanup
Event: 2.078 Executing VM operation: Cleanup done
Event: 2.251 Executing VM operation: HandshakeAllThreads (Deoptimize)
Event: 2.252 Executing VM operation: HandshakeAllThreads (Deoptimize) done
Event: 2.254 Executing VM operation: HandshakeAllThreads (Deoptimize)
Event: 2.254 Executing VM operation: HandshakeAllThreads (Deoptimize) done
Event: 2.481 Executing VM operation: ICBufferFull
Event: 2.482 Executing VM operation: ICBufferFull done
Event: 2.489 Executing VM operation: HandshakeAllThreads (Deoptimize)
Event: 2.489 Executing VM operation: HandshakeAllThreads (Deoptimize) done
Event: 2.698 Executing VM operation: G1CollectForAllocation (G1 Evacuation Pause)
Event: 2.702 Executing VM operation: G1CollectForAllocation (G1 Evacuation Pause) done
Event: 2.706 Executing VM operation: HandshakeAllThreads (Deoptimize)
Event: 2.706 Executing VM operation: HandshakeAllThreads (Deoptimize) done
Event: 2.728 Executing VM operation: HandshakeAllThreads (Deoptimize)
Event: 2.729 Executing VM operation: HandshakeAllThreads (Deoptimize) done

Memory protections (0 events):
No events

Nmethod flushes (0 events):
No events

Events (15 events):
Event: 0.037 Thread 0x0000023f13788f50 Thread added: 0x0000023f13788f50
Event: 0.055 Thread 0x0000023f13788f50 Thread added: 0x0000023f2d199170
Event: 0.055 Thread 0x0000023f13788f50 Thread added: 0x0000023f2d19eed0
Event: 0.056 Thread 0x0000023f13788f50 Thread added: 0x0000023f2d1a2d30
Event: 0.056 Thread 0x0000023f13788f50 Thread added: 0x0000023f2d1a3980
Event: 0.056 Thread 0x0000023f13788f50 Thread added: 0x0000023f2d1a7050
Event: 0.056 Thread 0x0000023f13788f50 Thread added: 0x0000023f2d1b0750
Event: 0.056 Thread 0x0000023f13788f50 Thread added: 0x0000023f2d1b8730
Event: 0.058 Thread 0x0000023f13788f50 Thread added: 0x0000023f2d318070
Event: 0.125 Thread 0x0000023f13788f50 Thread added: 0x0000023f2d429600
Event: 0.129 Thread 0x0000023f13788f50 Thread added: 0x0000023f2d438e20
Event: 0.160 Thread 0x0000023f2d318070 Thread added: 0x0000023f2d509ef0
Event: 0.817 Thread 0x0000023f13788f50 Thread added: 0x0000023f2dda3300
Event: 0.823 Thread 0x0000023f2dda3300 Thread added: 0x0000023f2da37c30
Event: 2.262 Thread 0x0000023f2da37c30 Thread added: 0x0000023f735d75e0


Dynamic libraries:
0x00007ff6aa750000 - 0x00007ff6aa75e000 	D:\Downloads\eclipse-jee-2024-12-R-win32-x86_64\eclipse\plugins\org.eclipse.justj.openjdk.hotspot.jre.full.win32.x86_64_21.0.5.v20241023-1957\jre\bin\javaw.exe
0x00007ff95aaa0000 - 0x00007ff95ad05000 	C:\WINDOWS\SYSTEM32\ntdll.dll
0x00007ff9597b0000 - 0x00007ff959879000 	C:\WINDOWS\System32\KERNEL32.DLL
0x00007ff958420000 - 0x00007ff958808000 	C:\WINDOWS\System32\KERNELBASE.dll
0x00007ff9580a0000 - 0x00007ff9581eb000 	C:\WINDOWS\System32\ucrtbase.dll
0x00007ff945e20000 - 0x00007ff945e38000 	D:\Downloads\eclipse-jee-2024-12-R-win32-x86_64\eclipse\plugins\org.eclipse.justj.openjdk.hotspot.jre.full.win32.x86_64_21.0.5.v20241023-1957\jre\bin\jli.dll
0x00007ff9595d0000 - 0x00007ff95979a000 	C:\WINDOWS\System32\USER32.dll
0x00007ff958810000 - 0x00007ff958837000 	C:\WINDOWS\System32\win32u.dll
0x00007ff945dd0000 - 0x00007ff945dee000 	D:\Downloads\eclipse-jee-2024-12-R-win32-x86_64\eclipse\plugins\org.eclipse.justj.openjdk.hotspot.jre.full.win32.x86_64_21.0.5.v20241023-1957\jre\bin\VCRUNTIME140.dll
0x00007ff95a4e0000 - 0x00007ff95a50b000 	C:\WINDOWS\System32\GDI32.dll
0x00007ff957e10000 - 0x00007ff957f47000 	C:\WINDOWS\System32\gdi32full.dll
0x00007ff958370000 - 0x00007ff958413000 	C:\WINDOWS\System32\msvcp_win.dll
0x00007ff93f930000 - 0x00007ff93fbca000 	C:\WINDOWS\WinSxS\amd64_microsoft.windows.common-controls_6595b64144ccf1df_6.0.26100.4202_none_3e0698d4e335f517\COMCTL32.dll
0x00007ff95a820000 - 0x00007ff95a8c9000 	C:\WINDOWS\System32\msvcrt.dll
0x00007ff958b90000 - 0x00007ff958bc0000 	C:\WINDOWS\System32\IMM32.DLL
0x00007ff9522e0000 - 0x00007ff9522ec000 	D:\Downloads\eclipse-jee-2024-12-R-win32-x86_64\eclipse\plugins\org.eclipse.justj.openjdk.hotspot.jre.full.win32.x86_64_21.0.5.v20241023-1957\jre\bin\vcruntime140_1.dll
0x00007ff917240000 - 0x00007ff9172cd000 	D:\Downloads\eclipse-jee-2024-12-R-win32-x86_64\eclipse\plugins\org.eclipse.justj.openjdk.hotspot.jre.full.win32.x86_64_21.0.5.v20241023-1957\jre\bin\msvcp140.dll
0x00007ff8975d0000 - 0x00007ff89835f000 	D:\Downloads\eclipse-jee-2024-12-R-win32-x86_64\eclipse\plugins\org.eclipse.justj.openjdk.hotspot.jre.full.win32.x86_64_21.0.5.v20241023-1957\jre\bin\server\jvm.dll
0x00007ff959320000 - 0x00007ff9593d3000 	C:\WINDOWS\System32\ADVAPI32.dll
0x00007ff959520000 - 0x00007ff9595c6000 	C:\WINDOWS\System32\sechost.dll
0x00007ff959400000 - 0x00007ff959515000 	C:\WINDOWS\System32\RPCRT4.dll
0x00007ff95a960000 - 0x00007ff95a9d4000 	C:\WINDOWS\System32\WS2_32.dll
0x00007ff9577e0000 - 0x00007ff95783e000 	C:\WINDOWS\SYSTEM32\POWRPROF.dll
0x00007ff954690000 - 0x00007ff9546c5000 	C:\WINDOWS\SYSTEM32\WINMM.dll
0x00007ff9447c0000 - 0x00007ff9447cb000 	C:\WINDOWS\SYSTEM32\VERSION.dll
0x00007ff9575c0000 - 0x00007ff9575d4000 	C:\WINDOWS\SYSTEM32\UMPDC.dll
0x00007ff956990000 - 0x00007ff9569ab000 	C:\WINDOWS\SYSTEM32\kernel.appcore.dll
0x00007ff954340000 - 0x00007ff95434a000 	D:\Downloads\eclipse-jee-2024-12-R-win32-x86_64\eclipse\plugins\org.eclipse.justj.openjdk.hotspot.jre.full.win32.x86_64_21.0.5.v20241023-1957\jre\bin\jimage.dll
0x00007ff955430000 - 0x00007ff955671000 	C:\WINDOWS\SYSTEM32\DBGHELP.DLL
0x00007ff958d80000 - 0x00007ff959105000 	C:\WINDOWS\System32\combase.dll
0x00007ff95a580000 - 0x00007ff95a661000 	C:\WINDOWS\System32\OLEAUT32.dll
0x00007ff954650000 - 0x00007ff954689000 	C:\WINDOWS\SYSTEM32\dbgcore.DLL
0x00007ff957d70000 - 0x00007ff957e09000 	C:\WINDOWS\System32\bcryptPrimitives.dll
0x00007ff942450000 - 0x00007ff94246f000 	D:\Downloads\eclipse-jee-2024-12-R-win32-x86_64\eclipse\plugins\org.eclipse.justj.openjdk.hotspot.jre.full.win32.x86_64_21.0.5.v20241023-1957\jre\bin\java.dll
0x00007ff959d90000 - 0x00007ff95a4d2000 	C:\WINDOWS\System32\SHELL32.dll
0x00007ff957bf0000 - 0x00007ff957d64000 	C:\WINDOWS\System32\wintypes.dll
0x00007ff955810000 - 0x00007ff956068000 	C:\WINDOWS\SYSTEM32\windows.storage.dll
0x00007ff958c80000 - 0x00007ff958d71000 	C:\WINDOWS\System32\SHCORE.dll
0x00007ff9591a0000 - 0x00007ff95920a000 	C:\WINDOWS\System32\shlwapi.dll
0x00007ff957b00000 - 0x00007ff957b2f000 	C:\WINDOWS\SYSTEM32\profapi.dll
0x00007ff942430000 - 0x00007ff942448000 	D:\Downloads\eclipse-jee-2024-12-R-win32-x86_64\eclipse\plugins\org.eclipse.justj.openjdk.hotspot.jre.full.win32.x86_64_21.0.5.v20241023-1957\jre\bin\zip.dll
0x00007ff945c00000 - 0x00007ff945c10000 	D:\Downloads\eclipse-jee-2024-12-R-win32-x86_64\eclipse\plugins\org.eclipse.justj.openjdk.hotspot.jre.full.win32.x86_64_21.0.5.v20241023-1957\jre\bin\net.dll
0x00007ff94a870000 - 0x00007ff94a98e000 	C:\WINDOWS\SYSTEM32\WINHTTP.dll
0x00007ff956f20000 - 0x00007ff956f8a000 	C:\WINDOWS\system32\mswsock.dll
0x00007ff91cb60000 - 0x00007ff91cb76000 	D:\Downloads\eclipse-jee-2024-12-R-win32-x86_64\eclipse\plugins\org.eclipse.justj.openjdk.hotspot.jre.full.win32.x86_64_21.0.5.v20241023-1957\jre\bin\nio.dll
0x00007ff954350000 - 0x00007ff95435a000 	D:\Downloads\eclipse-jee-2024-12-R-win32-x86_64\eclipse\plugins\org.eclipse.justj.openjdk.hotspot.jre.full.win32.x86_64_21.0.5.v20241023-1957\jre\bin\management.dll
0x00007ff951e50000 - 0x00007ff951e5b000 	D:\Downloads\eclipse-jee-2024-12-R-win32-x86_64\eclipse\plugins\org.eclipse.justj.openjdk.hotspot.jre.full.win32.x86_64_21.0.5.v20241023-1957\jre\bin\management_ext.dll
0x00007ff9597a0000 - 0x00007ff9597a8000 	C:\WINDOWS\System32\PSAPI.DLL

dbghelp: loaded successfully - version: 4.0.5 - missing functions: none
symbol engine: initialized successfully - sym options: 0x614 - pdb path: .;D:\Downloads\eclipse-jee-2024-12-R-win32-x86_64\eclipse\plugins\org.eclipse.justj.openjdk.hotspot.jre.full.win32.x86_64_21.0.5.v20241023-1957\jre\bin;C:\WINDOWS\SYSTEM32;C:\WINDOWS\WinSxS\amd64_microsoft.windows.common-controls_6595b64144ccf1df_6.0.26100.4202_none_3e0698d4e335f517;D:\Downloads\eclipse-jee-2024-12-R-win32-x86_64\eclipse\plugins\org.eclipse.justj.openjdk.hotspot.jre.full.win32.x86_64_21.0.5.v20241023-1957\jre\bin\server

VM Arguments:
jvm_args: -Dfile.encoding=UTF-8 -Dstdout.encoding=UTF-8 -Dstderr.encoding=UTF-8 -XX:+ShowCodeDetailsInExceptionMessages 
java_command: com.csv.file.CsvFileHandlingApplication
java_class_path (initial): D:\Downloads\CsvFileHandling\CsvFileHandling\target\classes;C:\Users\admin\.m2\repository\org\springframework\boot\spring-boot-starter-data-jpa\3.5.0\spring-boot-starter-data-jpa-3.5.0.jar;C:\Users\admin\.m2\repository\org\springframework\boot\spring-boot-starter\3.5.0\spring-boot-starter-3.5.0.jar;C:\Users\admin\.m2\repository\org\springframework\boot\spring-boot-starter-logging\3.5.0\spring-boot-starter-logging-3.5.0.jar;C:\Users\admin\.m2\repository\ch\qos\logback\logback-classic\1.5.18\logback-classic-1.5.18.jar;C:\Users\admin\.m2\repository\ch\qos\logback\logback-core\1.5.18\logback-core-1.5.18.jar;C:\Users\admin\.m2\repository\org\apache\logging\log4j\log4j-to-slf4j\2.24.3\log4j-to-slf4j-2.24.3.jar;C:\Users\admin\.m2\repository\org\apache\logging\log4j\log4j-api\2.24.3\log4j-api-2.24.3.jar;C:\Users\admin\.m2\repository\org\slf4j\jul-to-slf4j\2.0.17\jul-to-slf4j-2.0.17.jar;C:\Users\admin\.m2\repository\jakarta\annotation\jakarta.annotation-api\2.1.1\jakarta.annotation-api-2.1.1.jar;C:\Users\admin\.m2\repository\org\yaml\snakeyaml\2.4\snakeyaml-2.4.jar;C:\Users\admin\.m2\repository\org\springframework\boot\spring-boot-starter-jdbc\3.5.0\spring-boot-starter-jdbc-3.5.0.jar;C:\Users\admin\.m2\repository\com\zaxxer\HikariCP\6.3.0\HikariCP-6.3.0.jar;C:\Users\admin\.m2\repository\org\springframework\spring-jdbc\6.2.7\spring-jdbc-6.2.7.jar;C:\Users\admin\.m2\repository\org\hibernate\orm\hibernate-core\6.6.15.Final\hibernate-core-6.6.15.Final.jar;C:\Users\admin\.m2\repository\jakarta\persistence\jakarta.persistence-api\3.1.0\jakarta.persistence-api-3.1.0.jar;C:\Users\admin\.m2\repository\jakarta\transaction\jakarta.transaction-api\2.0.1\jakarta.transaction-api-2.0.1.jar;C:\Users\admin\.m2\repository\org\jboss\logging\jboss-logging\3.6.1.Final\jboss-logging-3.6.1.Final.jar;C:\Users\admin\.m2\repository\org\hibernate\common\hibernate-commons-annotations\7.0.3.Final\hibernate-commons-annotations-7.0.3.Final.jar;C:\Users\admin\.m2\repository\io\smallrye\jandex\3.2.0\jandex-3.2.0.jar;C:\Users\admin\.m2\repository\com\fasterxml\classmate\1.7.0\classmate-1.7.0.jar;C:\Users\admin\.m2\repository\net\bytebuddy\byte-buddy\1.17.5\byte-buddy-1.17.5.jar;C:\Users\admin\.m2\repository\org\glassfish\jaxb\jaxb-runtime\4.0.5\jaxb-runtime-4.0.5.jar;C:\Users\admin\.m2\repository\org\glassfish\jaxb\jaxb-core\4.0.5\jaxb-core-4.0.5.jar;C:\Users\admin\.m2\repository\org\eclipse\angus\angus-activation\2.0.2\angus-activation-2.0.2.jar;C:\Users\admin\.m2\repository\org\glassfish\jaxb\txw2\4.0.5\txw2-4.0.5.jar;C:\Users\admin\.m2\repository\com\sun\istack\istack-commons-runtime\4.1.2\istack-commons-runtime-4.1.2.jar;C:\Users\admin\.m2\repository\jakarta\inject\jakarta.inject-api\2.0.1\jakarta.inject-api-2.0.1.jar;C:\Users\admin\.m2\repository\org\antlr\antlr4-runtime\4.13.0\antlr4-runtime-4.13.0.jar;C:\Users\admin\.m2\repository\org\springframework\data\spring-data-jpa\3.5.0\spring-data-jpa-3.5.0.jar;C:\Users\admin\.m2\repository\org\springframework\data\spring-data-commons\3.5.0\spring-data-commons-3.5.0.jar;C:\Users\admin\.m2\repository\org\springframework\spring-orm\6.2.7\spring-orm-6.2.7.jar;C:\Users\admin\.m2\repository\org\springframework\spring-context\6.2.7\spring-context-6.2.7.jar;C:\Users\admin\.m2\repository\org\springframework\spring-aop\6.2.7\spring-aop-6.2.7.jar;C:\Users\admin\.m2\repository\org\springframework\spring-tx\6.2.7\spring-tx-6.2.7.jar;C:\Users\admin\.m2\repository\org\springframework\spring-beans\6.2.7\spring-beans-6.2.7.jar;C:\Users\admin\.m2\repository\org\slf4j\slf4j-api\2.0.17\slf4j-api-2.0.17.jar;C:\Users\admin\.m2\repository\org\springframework\spring-aspects\6.2.7\spring-aspects-6.2.7.jar;C:\Users\admin\.m2\repository\org\aspectj\aspectjweaver\1.9.24\aspectjweaver-1.9.24.jar;C:\Users\admin\.m2\repository\org\springframework\boot\spring-boot-starter-web\3.5.0\spring-boot-starter-web-3.5.0.jar;C:\Users\admin\.m2\repository\org\springframework\boot\spring-boot-starter-json\3.5.0\spring-boot-starter-json-3.5.0.jar;C:\Users\admin\.m2\repository\com\fasterxml\jackson\core\jackson-databind\2.19.0\jackson-databind-2.19.0.jar;C:\Users\admin\.m2\repository\com\fasterxml\jackson\core\jackson-annotations\2.19.0\jackson-annotations-2.19.0.jar;C:\Users\admin\.m2\repository\com\fasterxml\jackson\core\jackson-core\2.19.0\jackson-core-2.19.0.jar;C:\Users\admin\.m2\repository\com\fasterxml\jackson\datatype\jackson-datatype-jdk8\2.19.0\jackson-datatype-jdk8-2.19.0.jar;C:\Users\admin\.m2\repository\com\fasterxml\jackson\datatype\jackson-datatype-jsr310\2.19.0\jackson-datatype-jsr310-2.19.0.jar;C:\Users\admin\.m2\repository\com\fasterxml\jackson\module\jackson-module-parameter-names\2.19.0\jackson-module-parameter-names-2.19.0.jar;C:\Users\admin\.m2\repository\org\springframework\boot\spring-boot-starter-tomcat\3.5.0\spring-boot-starter-tomcat-3.5.0.jar;C:\Users\admin\.m2\repository\org\apache\tomcat\embed\tomcat-embed-core\10.1.41\tomcat-embed-core-10.1.41.jar;C:\Users\admin\.m2\repository\org\apache\tomcat\embed\tomcat-embed-el\10.1.41\tomcat-embed-el-10.1.41.jar;C:\Users\admin\.m2\repository\org\apache\tomcat\embed\tomcat-embed-websocket\10.1.41\tomcat-embed-websocket-10.1.41.jar;C:\Users\admin\.m2\repository\org\springframework\spring-web\6.2.7\spring-web-6.2.7.jar;C:\Users\admin\.m2\repository\io\micrometer\micrometer-observation\1.15.0\micrometer-observation-1.15.0.jar;C:\Users\admin\.m2\repository\io\micrometer\micrometer-commons\1.15.0\micrometer-commons-1.15.0.jar;C:\Users\admin\.m2\repository\org\springframework\spring-webmvc\6.2.7\spring-webmvc-6.2.7.jar;C:\Users\admin\.m2\repository\org\springframework\spring-expression\6.2.7\spring-expression-6.2.7.jar;C:\Users\admin\.m2\repository\org\postgresql\postgresql\42.7.5\postgresql-42.7.5.jar;C:\Users\admin\.m2\repository\org\checkerframework\checker-qual\3.48.3\checker-qual-3.48.3.jar;C:\Users\admin\.m2\repository\org\projectlombok\lombok\1.18.38\lombok-1.18.38.jar;C:\Users\admin\.m2\repository\jakarta\xml\bind\jakarta.xml.bind-api\4.0.2\jakarta.xml.bind-api-4.0.2.jar;C:\Users\admin\.m2\repository\jakarta\activation\jakarta.activation-api\2.1.3\jakarta.activation-api-2.1.3.jar;C:\Users\admin\.m2\repository\org\springframework\spring-core\6.2.7\spring-core-6.2.7.jar;C:\Users\admin\.m2\repository\org\springframework\spring-jcl\6.2.7\spring-jcl-6.2.7.jar;C:\Users\admin\.m2\repository\com\opencsv\opencsv\5.7.1\opencsv-5.7.1.jar;C:\Users\admin\.m2\repository\org\apache\commons\commons-lang3\3.17.0\commons-lang3-3.17.0.jar;C:\Users\admin\.m2\repository\org\apache\commons\commons-text\1.10.0\commons-text-1.10.0.jar;C:\Users\admin\.m2\repository\commons-beanutils\commons-beanutils\1.9.4\commons-beanutils-1.9.4.jar;C:\Users\admin\.m2\repository\commons-logging\commons-logging\1.2\commons-logging-1.2.jar;C:\Users\admin\.m2\repository\commons-collections\commons-collections\3.2.2\commons-collections-3.2.2.jar;C:\Users\admin\.m2\repository\org\apache\commons\commons-collections4\4.4\commons-collections4-4.4.jar;C:\Users\admin\.m2\repository\org\springframework\boot\spring-boot-starter-thymeleaf\3.5.0\spring-boot-starter-thymeleaf-3.5.0.jar;C:\Users\admin\.m2\repository\org\thymeleaf\thymeleaf-spring6\3.1.3.RELEASE\thymeleaf-spring6-3.1.3.RELEASE.jar;C:\Users\admin\.m2\repository\org\thymeleaf\thymeleaf\3.1.3.RELEASE\thymeleaf-3.1.3.RELEASE.jar;C:\Users\admin\.m2\repository\org\attoparser\attoparser\2.0.7.RELEASE\attoparser-2.0.7.RELEASE.jar;C:\Users\admin\.m2\repository\org\unbescape\unbescape\1.1.6.RELEASE\unbescape-1.1.6.RELEASE.jar;C:\Users\admin\.m2\repository\org\springframework\boot\spring-boot-devtools\3.5.0\spring-boot-devtools-3.5.0.jar;C:\Users\admin\.m2\repository\org\springframework\boot\spring-boot\3.5.0\spring-boot-3.5.0.jar;C:\Users\admin\.m2\repository\org\springframework\boot\spring-boot-autoconfigure\3.5.0\spring-boot-autoconfigure-3.5.0.jar
Launcher Type: SUN_STANDARD

[Global flags]
     intx CICompilerCount                          = 3                                         {product} {ergonomic}
     uint ConcGCThreads                            = 1                                         {product} {ergonomic}
     uint G1ConcRefinementThreads                  = 4                                         {product} {ergonomic}
   size_t G1HeapRegionSize                         = 1048576                                   {product} {ergonomic}
    uintx GCDrainStackTargetSize                   = 64                                        {product} {ergonomic}
   size_t InitialHeapSize                          = 132120576                                 {product} {ergonomic}
   size_t MarkStackSize                            = 4194304                                   {product} {ergonomic}
   size_t MaxHeapSize                              = 2090860544                                {product} {ergonomic}
   size_t MaxNewSize                               = 1254096896                                {product} {ergonomic}
   size_t MinHeapDeltaBytes                        = 1048576                                   {product} {ergonomic}
   size_t MinHeapSize                              = 8388608                                   {product} {ergonomic}
    uintx NonNMethodCodeHeapSize                   = 5832780                                {pd product} {ergonomic}
    uintx NonProfiledCodeHeapSize                  = 122912730                              {pd product} {ergonomic}
    uintx ProfiledCodeHeapSize                     = 122912730                              {pd product} {ergonomic}
    uintx ReservedCodeCacheSize                    = 251658240                              {pd product} {ergonomic}
     bool SegmentedCodeCache                       = true                                      {product} {ergonomic}
     bool ShowCodeDetailsInExceptionMessages       = true                                   {manageable} {command line}
   size_t SoftMaxHeapSize                          = 2090860544                             {manageable} {ergonomic}
     bool UseCompressedOops                        = true                           {product lp64_product} {ergonomic}
     bool UseG1GC                                  = true                                      {product} {ergonomic}
     bool UseLargePagesIndividualAllocation        = false                                  {pd product} {ergonomic}

Logging:
Log output configuration:
 #0: stdout all=warning uptime,level,tags foldmultilines=false
 #1: stderr all=off uptime,level,tags foldmultilines=false

Environment Variables:
JAVA_HOME=C:\Program Files\Java\jdk-21
PATH=D:/Downloads/eclipse-jee-2024-12-R-win32-x86_64/eclipse//plugins/org.eclipse.justj.openjdk.hotspot.jre.full.win32.x86_64_21.0.5.v20241023-1957/jre/bin/server;D:/Downloads/eclipse-jee-2024-12-R-win32-x86_64/eclipse//plugins/org.eclipse.justj.openjdk.hotspot.jre.full.win32.x86_64_21.0.5.v20241023-1957/jre/bin;C:\Users\admin\AppData\Local\Programs\Python\Python312\Scripts;C:\WINDOWS\system32;C:\WINDOWS;C:\WINDOWS\System32\Wbem;C:\WINDOWS\System32\WindowsPowerShell\v1.0\;C:\WINDOWS\System32\OpenSSH\;C:\Program Files\Docker\Docker\resources\bin;C:\Users\admin\AppData\Local\Programs\Python\Python311\Scripts\;C:\Users\admin\AppData\Local\Programs\Python\Python311\;C:\Users\admin\AppData\Local\Microsoft\WindowsApps;;C:\Users\admin\AppData\Local\Programs\Microsoft VS Code\bin;C:\Users\admin\OneDrive\onlyone\OneDrive\Desktop;
USERNAME=admin
OS=Windows_NT
PROCESSOR_IDENTIFIER=Intel64 Family 6 Model 140 Stepping 1, GenuineIntel
TMP=C:\Users\admin\AppData\Local\Temp
TEMP=C:\Users\admin\AppData\Local\Temp




Periodic native trim disabled

---------------  S Y S T E M  ---------------

OS:
 Windows 11 , 64 bit Build 26100 (10.0.26100.4202)
OS uptime: 3 days 13:47 hours
Hyper-V role detected

CPU: total 4 (initial active 4) (2 cores per cpu, 2 threads per core) family 6 model 140 stepping 1 microcode 0x8a, cx8, cmov, fxsr, ht, mmx, 3dnowpref, sse, sse2, sse3, ssse3, sse4.1, sse4.2, popcnt, lzcnt, tsc, tscinvbit, avx, avx2, aes, erms, clmul, bmi1, bmi2, adx, avx512f, avx512dq, avx512cd, avx512bw, avx512vl, sha, fma, vzeroupper, avx512_vpopcntdq, avx512_vpclmulqdq, avx512_vaes, avx512_vnni, clflush, clflushopt, clwb, avx512_vbmi2, avx512_vbmi, hv, rdtscp, rdpid, fsrm, gfni, avx512_bitalg, f16c, cet_ibt, cet_ss, avx512_ifma
Processor Information for all 4 processors :
  Max Mhz: 2995, Current Mhz: 2995, Mhz Limit: 2995

Memory: 4k page, system-wide physical 7975M (542M free)
TotalPageFile size 20775M (AvailPageFile size 6M)
current process WorkingSet (physical memory assigned to process): 146M, peak: 146M
current process commit charge ("private bytes"): 256M, peak: 256M

vm_info: OpenJDK 64-Bit Server VM (21.0.5+11-LTS) for windows-amd64 JRE (21.0.5+11-LTS), built on 2024-10-15T00:00:00Z by "admin" with MS VC++ 17.7 (VS2022)

END.
